started ipypublish at Tue Aug  8 07:27:36 2017
logging to: /Users/cjs14/GitHub/chrisjsewell.github.io/3d_atomic/converted/3D Atomic Visualisation.nbpub.log
running for ipynb(s) at: 3D Atomic Visualisation.ipynb
with conversion: slides_ipypublish_main
Reading notebook
getting output format from exporter plugin
running nbconvert
splitting outputs into separate cells
resolving external file paths in ipub metadata to: 3D Atomic Visualisation.ipynb
processing notebook for html output in ipub metadata to: 3D Atomic Visualisation.ipynb
embedding html in notebook from: 3D Atomic Visualisation_files/ivol_example1.html
embedding html in notebook from: 3D Atomic Visualisation_files/ivol_example2.html
embedding html in notebook from: 3D Atomic Visualisation_files/ivol_example3.html
converting latex tags to html
extracting caption cells
creating slides based on markdown and existing slide tags
outputting converted file to: /Users/cjs14/GitHub/chrisjsewell.github.io/3d_atomic/converted/3D Atomic Visualisation.slides.html
dumping external files to: /Users/cjs14/GitHub/chrisjsewell.github.io/3d_atomic/converted/3D Atomic Visualisation_files
process finished successfully
Serving local reveal.js
Serving local reveal.js
Attempting to serve at http://127.0.0.1:8000/3D Atomic Visualisation.slides.html
Serving your slides at http://127.0.0.1:8000/3D Atomic Visualisation.slides.html
Use Control-C to stop this server
200 GET /3D%20Atomic%20Visualisation.slides.html (127.0.0.1) 9.66ms

Interrupted
